<?xml version="1.0" encoding="UTF-8"?>
<testsuite xmlns:xsi="http://www.w3.org/2001/XMLSchema-instance" xsi:noNamespaceSchemaLocation="https://maven.apache.org/surefire/maven-surefire-plugin/xsd/surefire-test-report.xsd" name="nyy.AppTest" time="0.151" tests="1" errors="0" skipped="0" failures="0">
  <properties>
    <property name="sun.desktop" value="windows"/>
    <property name="awt.toolkit" value="sun.awt.windows.WToolkit"/>
    <property name="file.encoding.pkg" value="sun.io"/>
    <property name="java.specification.version" value="1.8"/>
    <property name="sun.cpu.isalist" value="amd64"/>
    <property name="sun.jnu.encoding" value="Cp1252"/>
    <property name="java.class.path" value="C:\Users\Pradyumna K S\Desktop\mavan1\hh\target\test-classes;C:\Users\Pradyumna K S\Desktop\mavan1\hh\target\classes;C:\Users\Pradyumna K S\.m2\repository\junit\junit\4.11\junit-4.11.jar;C:\Users\Pradyumna K S\.m2\repository\org\hamcrest\hamcrest-core\1.3\hamcrest-core-1.3.jar;"/>
    <property name="java.vm.vendor" value="Temurin"/>
    <property name="sun.arch.data.model" value="64"/>
    <property name="user.variant" value=""/>
    <property name="java.vendor.url" value="https://adoptium.net/"/>
    <property name="user.timezone" value="Asia/Calcutta"/>
    <property name="java.vm.specification.version" value="1.8"/>
    <property name="os.name" value="Windows 10"/>
    <property name="user.country" value="IN"/>
    <property name="sun.java.launcher" value="SUN_STANDARD"/>
    <property name="sun.boot.library.path" value="C:\Program Files\Java\jdk8u302-b08\jre\bin"/>
    <property name="sun.java.command" value="C:\Users\PRADYU~1\AppData\Local\Temp\surefire303656113204545496\surefirebooter2909528942814428920.jar C:\Users\Pradyumna K S\AppData\Local\Temp\surefire303656113204545496 2021-12-17T01-03-43_168-jvmRun1 surefire1126790292389074949tmp surefire_04534255125853762513tmp"/>
    <property name="surefire.test.class.path" value="C:\Users\Pradyumna K S\Desktop\mavan1\hh\target\test-classes;C:\Users\Pradyumna K S\Desktop\mavan1\hh\target\classes;C:\Users\Pradyumna K S\.m2\repository\junit\junit\4.11\junit-4.11.jar;C:\Users\Pradyumna K S\.m2\repository\org\hamcrest\hamcrest-core\1.3\hamcrest-core-1.3.jar;"/>
    <property name="sun.cpu.endian" value="little"/>
    <property name="user.home" value="C:\Users\Pradyumna K S"/>
    <property name="user.language" value="en"/>
    <property name="java.specification.vendor" value="Oracle Corporation"/>
    <property name="java.home" value="C:\Program Files\Java\jdk8u302-b08\jre"/>
    <property name="basedir" value="C:\Users\Pradyumna K S\Desktop\mavan1\hh"/>
    <property name="file.separator" value="\"/>
    <property name="line.separator" value="&#10;"/>
    <property name="java.vm.specification.vendor" value="Oracle Corporation"/>
    <property name="java.specification.name" value="Java Platform API Specification"/>
    <property name="java.awt.graphicsenv" value="sun.awt.Win32GraphicsEnvironment"/>
    <property name="surefire.real.class.path" value="C:\Users\PRADYU~1\AppData\Local\Temp\surefire303656113204545496\surefirebooter2909528942814428920.jar"/>
    <property name="sun.boot.class.path" value="C:\Program Files\Java\jdk8u302-b08\jre\lib\resources.jar;C:\Program Files\Java\jdk8u302-b08\jre\lib\rt.jar;C:\Program Files\Java\jdk8u302-b08\jre\lib\sunrsasign.jar;C:\Program Files\Java\jdk8u302-b08\jre\lib\jsse.jar;C:\Program Files\Java\jdk8u302-b08\jre\lib\jce.jar;C:\Program Files\Java\jdk8u302-b08\jre\lib\charsets.jar;C:\Program Files\Java\jdk8u302-b08\jre\lib\jfr.jar;C:\Program Files\Java\jdk8u302-b08\jre\classes"/>
    <property name="user.script" value=""/>
    <property name="sun.management.compiler" value="HotSpot 64-Bit Tiered Compilers"/>
    <property name="java.runtime.version" value="1.8.0_302-b08"/>
    <property name="user.name" value="Pragathi K S"/>
    <property name="path.separator" value=";"/>
    <property name="os.version" value="10.0"/>
    <property name="java.endorsed.dirs" value="C:\Program Files\Java\jdk8u302-b08\jre\lib\endorsed"/>
    <property name="java.runtime.name" value="OpenJDK Runtime Environment"/>
    <property name="file.encoding" value="Cp1252"/>
    <property name="java.vm.name" value="OpenJDK 64-Bit Server VM"/>
    <property name="localRepository" value="C:\Users\Pradyumna K S\.m2\repository"/>
    <property name="java.vendor.url.bug" value="https://github.com/adoptium/adoptium-support/issues"/>
    <property name="java.io.tmpdir" value="C:\Users\PRADYU~1\AppData\Local\Temp\"/>
    <property name="java.version" value="1.8.0_302"/>
    <property name="user.dir" value="C:\Users\Pradyumna K S\Desktop\mavan1\hh"/>
    <property name="os.arch" value="amd64"/>
    <property name="java.vm.specification.name" value="Java Virtual Machine Specification"/>
    <property name="java.awt.printerjob" value="sun.awt.windows.WPrinterJob"/>
    <property name="sun.os.patch.level" value=""/>
    <property name="java.library.path" value="C:\Program Files\Java\jdk8u302-b08\jre\bin;C:\WINDOWS\Sun\Java\bin;C:\WINDOWS\system32;C:\WINDOWS;C:\Program Files (x86)\Common Files\Oracle\Java\javapath;C:\WINDOWS\system32;C:\WINDOWS;C:\WINDOWS\System32\Wbem;C:\WINDOWS\System32\WindowsPowerShell\v1.0\;C:\Users\Pradyumna K S\Desktop\runtime\win64;C:\Users\Pradyumna K S\Desktop\bin;C:\Program Files\MATLAB\R2010b\runtime\win64;C:\Program Files\MATLAB\R2010b\bin;C:\Keil_v5\Flash Magic;C:\WINDOWS\System32\OpenSSH\;C:\Program Files\Microsoft SQL Server\130\Tools\Binn\;C:\Program Files\Microsoft SQL Server\Client SDK\ODBC\170\Tools\Binn\;C:\Program Files (x86)\Microsoft SQL Server\150\Tools\Binn\;C:\Program Files\Microsoft SQL Server\150\Tools\Binn\;C:\Program Files\Microsoft SQL Server\150\DTS\Binn\;C:\Program Files (x86)\Brackets\command;C:\Program Files\dotnet\;C:\Program Files\PuTTY\;JAVA_HOME\bin;C:\Program Files\Java\jdk8u302-b08\bin;C:\Program Files\Java\jdk8u302-b08\jre\bin;C:\Program Files\Java\jdk8u302-b08\jre\bin;C:\Program Files\maven\apache-maven-3.8.2\bin;C:\Program Files\Azure Data Studio\bin;C:\Program Files (x86)\Microsoft SQL Server\150\DTS\Binn\;C:\Program Files\Git\cmd;C:\Users\Pradyumna K S\AppData\Local\Programs\Python\Python38-32\Scripts\;C:\Users\Pradyumna K S\AppData\Local\Programs\Python\Python38-32\;C:\Ruby26-x64\bin;C:\Users\Pradyumna K S\AppData\Local\Microsoft\WindowsApps;C:\Users\Pradyumna K S\Microsoft VS Code\bin;C:\Users\Pradyumna K S\.dotnet\tools;C:\Program Files\Java\jdk8u302-b08\jre\bin;C:\Program Files\maven\apache-maven-3.8.2\bin;;C:\Program Files\Azure Data Studio\bin;."/>
    <property name="java.vm.info" value="mixed mode"/>
    <property name="java.vendor" value="Temurin"/>
    <property name="java.vm.version" value="25.302-b08"/>
    <property name="java.ext.dirs" value="C:\Program Files\Java\jdk8u302-b08\jre\lib\ext;C:\WINDOWS\Sun\Java\lib\ext"/>
    <property name="sun.io.unicode.encoding" value="UnicodeLittle"/>
    <property name="java.class.version" value="52.0"/>
  </properties>
  <testcase name="shouldAnswerWithTrue" classname="nyy.AppTest" time="0.006"/>
</testsuite>